Arguments: 
  C:\Program Files\nodejs\node.exe C:\Program Files (x86)\Yarn\bin\yarn.js add @bable/core @babel/cli @babel/preset-flow --dev

PATH: 
  C:\Windows\system32;C:\Windows;C:\Windows\System32\Wbem;C:\Windows\System32\WindowsPowerShell\v1.0\;C:\Windows\System32\OpenSSH\;C:\Program Files\nodejs\;D:\software\Git\cmd;C:\Program Files (x86)\Yarn\bin\;C:\Users\buzhi\AppData\Local\Microsoft\WindowsApps;C:\Users\buzhi\AppData\Roaming\npm;D:\software\Microsoft VS Code\bin;C:\Users\buzhi\AppData\Local\Yarn\bin

Yarn version: 
  1.22.5

Node version: 
  14.16.0

Platform: 
  win32 x64

Trace: 
  Error: https://registry.yarnpkg.com/@bable%2fcore: Not found
      at Request.params.callback [as _callback] (C:\Program Files (x86)\Yarn\lib\cli.js:66097:18)
      at Request.self.callback (C:\Program Files (x86)\Yarn\lib\cli.js:140749:22)
      at Request.emit (events.js:315:20)
      at Request.<anonymous> (C:\Program Files (x86)\Yarn\lib\cli.js:141721:10)
      at Request.emit (events.js:315:20)
      at IncomingMessage.<anonymous> (C:\Program Files (x86)\Yarn\lib\cli.js:141643:12)
      at Object.onceWrapper (events.js:421:28)
      at IncomingMessage.emit (events.js:327:22)
      at endReadableNT (internal/streams/readable.js:1327:12)
      at processTicksAndRejections (internal/process/task_queues.js:80:21)

npm manifest: 
  {
    "name": "flow",
    "version": "1.0.0",
    "main": "index.js",
    "license": "MIT",
    "devDependencies": {
      "flow-bin": "^0.149.0"
    },
    "dependencies": {
      "flow-remove-types": "^2.149.0"
    }
  }

yarn manifest: 
  No manifest

Lockfile: 
  # THIS IS AN AUTOGENERATED FILE. DO NOT EDIT THIS FILE DIRECTLY.
  # yarn lockfile v1
  
  
  flow-bin@^0.149.0:
    version "0.149.0"
    resolved "https://registry.yarnpkg.com/flow-bin/-/flow-bin-0.149.0.tgz#9bac6dd3074bf4740c014b333a2f6fdeaf393cf9"
    integrity sha512-32hM6iKSInPCUuooS23SJ4c5Up0Tt9ozrXEE6urEpTDJU0z/vQblnCBRt3QZaEEDzSKOu2QZAU6K7fbShOOHaQ==
